<?xml version="1.0" encoding="UTF-8"?>
<testsuite xmlns:xsi="http://www.w3.org/2001/XMLSchema-instance" xsi:noNamespaceSchemaLocation="https://maven.apache.org/surefire/maven-surefire-plugin/xsd/surefire-test-report-3.0.xsd" version="3.0" name="com.metrics.spark.ExternalDataProcessorTest" time="0.45" tests="12" errors="0" skipped="0" failures="0">
  <properties>
[...]
</properties>
  <testcase name="normalizeColName_preservesAlreadyNormalizedName" classname="com.metrics.spark.ExternalDataProcessorTest" time="0.001"/>
  <testcase name="transform_normalizesColumnNamesFromInference" classname="com.metrics.spark.ExternalDataProcessorTest" time="0.097"/>
  <testcase name="transform_recordHashDiffersForDifferentRows" classname="com.metrics.spark.ExternalDataProcessorTest" time="0.111"/>
  <testcase name="transform_multipleRows_allProcessed" classname="com.metrics.spark.ExternalDataProcessorTest" time="0.08"/>
  <testcase name="normalizeColName_lowercasesInput" classname="com.metrics.spark.ExternalDataProcessorTest" time="0.0"/>
  <testcase name="transform_addsAuditColumns" classname="com.metrics.spark.ExternalDataProcessorTest" time="0.022"/>
  <testcase name="normalizeColName_replacesSpecialCharsWithUnderscore" classname="com.metrics.spark.ExternalDataProcessorTest" time="0.0"/>
  <testcase name="transform_nonStructData_convertedToDataPayload" classname="com.metrics.spark.ExternalDataProcessorTest" time="0.025"/>
  <testcase name="transform_flattensDataStructIntoTopLevelColumns" classname="com.metrics.spark.ExternalDataProcessorTest" time="0.02"/>
  <testcase name="flattenForJdbc_convertsStructColumnsToJsonString" classname="com.metrics.spark.ExternalDataProcessorTest" time="0.023"/>
  <testcase name="transform_derivesDateFromReceivedAt" classname="com.metrics.spark.ExternalDataProcessorTest" time="0.053"/>
  <testcase name="normalizeColName_handlesSpaces" classname="com.metrics.spark.ExternalDataProcessorTest" time="0.0"/>
</testsuite>